<?xml version="1.0" encoding="UTF-8"?>
<testng-results ignored="0" total="2" passed="2" failed="0" skipped="0">
  <reporter-output>
  </reporter-output>
  <suite started-at="2024-01-17T23:00:40 IST" name="LambaTestSuite" finished-at="2024-01-17T23:01:16 IST" duration-ms="36320">
    <groups>
    </groups>
    <test started-at="2024-01-17T23:00:40 IST" name="MACTEST" finished-at="2024-01-17T23:01:16 IST" duration-ms="36028">
      <class name="lambdaTest_Automation.LambdaTestAutomationAssessment">
        <test-method is-config="true" signature="configValueFromXLM(org.testng.ITestContext)[pri:0, instance:lambdaTest_Automation.LambdaTestAutomationAssessment@791f145a]" started-at="2024-01-17T23:00:40 IST" name="configValueFromXLM" finished-at="2024-01-17T23:00:40 IST" duration-ms="13" status="PASS">
          <params>
            <param index="0">
              <value>
                <![CDATA[org.testng.TestRunner@5890e879]]>
              </value>
            </param>
          </params>
          <reporter-output>
          </reporter-output>
        </test-method> <!-- configValueFromXLM -->
        <test-method signature="testSimple()[pri:0, instance:lambdaTest_Automation.LambdaTestAutomationAssessment@791f145a]" started-at="2024-01-17T23:00:40 IST" name="testSimple" finished-at="2024-01-17T23:01:13 IST" duration-ms="33911" status="PASS">
          <reporter-output>
          </reporter-output>
        </test-method> <!-- testSimple -->
        <test-method is-config="true" signature="tearDown()[pri:0, instance:lambdaTest_Automation.LambdaTestAutomationAssessment@791f145a]" started-at="2024-01-17T23:01:13 IST" name="tearDown" finished-at="2024-01-17T23:01:16 IST" duration-ms="2067" status="PASS">
          <reporter-output>
          </reporter-output>
        </test-method> <!-- tearDown -->
      </class> <!-- lambdaTest_Automation.LambdaTestAutomationAssessment -->
    </test> <!-- MACTEST -->
    <test started-at="2024-01-17T23:00:40 IST" name="WIN10TEST" finished-at="2024-01-17T23:01:16 IST" duration-ms="36314">
      <class name="lambdaTest_Automation.LambdaTestAutomationAssessment">
        <test-method is-config="true" signature="configValueFromXLM(org.testng.ITestContext)[pri:0, instance:lambdaTest_Automation.LambdaTestAutomationAssessment@27462a88]" started-at="2024-01-17T23:00:40 IST" name="configValueFromXLM" finished-at="2024-01-17T23:00:40 IST" duration-ms="13" status="PASS">
          <params>
            <param index="0">
              <value>
                <![CDATA[org.testng.TestRunner@6c284af]]>
              </value>
            </param>
          </params>
          <reporter-output>
          </reporter-output>
        </test-method> <!-- configValueFromXLM -->
        <test-method signature="testSimple()[pri:0, instance:lambdaTest_Automation.LambdaTestAutomationAssessment@27462a88]" started-at="2024-01-17T23:00:40 IST" name="testSimple" finished-at="2024-01-17T23:01:14 IST" duration-ms="34227" status="PASS">
          <reporter-output>
          </reporter-output>
        </test-method> <!-- testSimple -->
        <test-method is-config="true" signature="tearDown()[pri:0, instance:lambdaTest_Automation.LambdaTestAutomationAssessment@27462a88]" started-at="2024-01-17T23:01:14 IST" name="tearDown" finished-at="2024-01-17T23:01:16 IST" duration-ms="2049" status="PASS">
          <reporter-output>
          </reporter-output>
        </test-method> <!-- tearDown -->
      </class> <!-- lambdaTest_Automation.LambdaTestAutomationAssessment -->
    </test> <!-- WIN10TEST -->
  </suite> <!-- LambaTestSuite -->
</testng-results>
